d:\autumn bomb ltd\current projects\windows\autumnengine\autumnengine\x64\debug\vc142.pdb
d:\autumn bomb ltd\current projects\windows\autumnengine\autumnengine\x64\debug\vc142.idb
d:\autumn bomb ltd\current projects\windows\autumnengine\autumnengine\x64\debug\testscene.obj
d:\autumn bomb ltd\current projects\windows\autumnengine\autumnengine\x64\debug\mainmenu.obj
d:\autumn bomb ltd\current projects\windows\autumnengine\autumnengine\x64\debug\main.obj
d:\autumn bomb ltd\current projects\windows\autumnengine\autumnengine\x64\debug\window.obj
d:\autumn bomb ltd\current projects\windows\autumnengine\autumnengine\x64\debug\toggle.obj
d:\autumn bomb ltd\current projects\windows\autumnengine\autumnengine\x64\debug\text.obj
d:\autumn bomb ltd\current projects\windows\autumnengine\autumnengine\x64\debug\sprite.obj
d:\autumn bomb ltd\current projects\windows\autumnengine\autumnengine\x64\debug\slider.obj
d:\autumn bomb ltd\current projects\windows\autumnengine\autumnengine\x64\debug\scenemanager.obj
d:\autumn bomb ltd\current projects\windows\autumnengine\autumnengine\x64\debug\scenelayer.obj
d:\autumn bomb ltd\current projects\windows\autumnengine\autumnengine\x64\debug\input.obj
d:\autumn bomb ltd\current projects\windows\autumnengine\autumnengine\x64\debug\gui.obj
d:\autumn bomb ltd\current projects\windows\autumnengine\autumnengine\x64\debug\entity.obj
d:\autumn bomb ltd\current projects\windows\autumnengine\autumnengine\x64\debug\collision.obj
d:\autumn bomb ltd\current projects\windows\autumnengine\autumnengine\x64\debug\camera.obj
d:\autumn bomb ltd\current projects\windows\autumnengine\autumnengine\x64\debug\button.obj
d:\autumn bomb ltd\current projects\windows\autumnengine\autumnengine\x64\debug\basescene.obj
d:\autumn bomb ltd\current projects\windows\autumnengine\autumnengine\x64\debug\assetmanager.obj
d:\autumn bomb ltd\current projects\windows\autumnengine\autumnengine\x64\debug\application.obj
d:\autumn bomb ltd\current projects\windows\autumnengine\autumnengine\x64\debug\guilayer.obj
d:\autumn bomb ltd\current projects\windows\autumnengine\x64\debug\autumnengine.exe
d:\autumn bomb ltd\current projects\windows\autumnengine\autumnengine\x64\debug\autumnengine.ilk
d:\autumn bomb ltd\current projects\windows\autumnengine\x64\debug\autumnengine.pdb
d:\autumn bomb ltd\current projects\windows\autumnengine\autumnengine\x64\debug\autumnengine.tlog\cl.command.1.tlog
d:\autumn bomb ltd\current projects\windows\autumnengine\autumnengine\x64\debug\autumnengine.tlog\cl.read.1.tlog
d:\autumn bomb ltd\current projects\windows\autumnengine\autumnengine\x64\debug\autumnengine.tlog\cl.write.1.tlog
d:\autumn bomb ltd\current projects\windows\autumnengine\autumnengine\x64\debug\autumnengine.tlog\link.command.1.tlog
d:\autumn bomb ltd\current projects\windows\autumnengine\autumnengine\x64\debug\autumnengine.tlog\link.read.1.tlog
d:\autumn bomb ltd\current projects\windows\autumnengine\autumnengine\x64\debug\autumnengine.tlog\link.write.1.tlog
